<?xml version="1.0" encoding="UTF-8"?>
<testsuite name="study.SetTest" tests="9" skipped="0" failures="0" errors="0" timestamp="2021-06-14T07:49:54" hostname="PRAYME-NB" time="0.139">
  <properties/>
  <testcase name="[1] 1" classname="study.SetTest" time="0.09"/>
  <testcase name="[2] 2" classname="study.SetTest" time="0.002"/>
  <testcase name="[3] 3" classname="study.SetTest" time="0.001"/>
  <testcase name="[1] 1, true" classname="study.SetTest" time="0.002"/>
  <testcase name="[2] 2, true" classname="study.SetTest" time="0.001"/>
  <testcase name="[3] 3, true" classname="study.SetTest" time="0.001"/>
  <testcase name="[4] 4, false" classname="study.SetTest" time="0.0"/>
  <testcase name="[5] 5, false" classname="study.SetTest" time="0.001"/>
  <testcase name="size()" classname="study.SetTest" time="0.004"/>
  <system-out><![CDATA[]]></system-out>
  <system-err><![CDATA[]]></system-err>
</testsuite>
